Initializing game
Starting game
Player Bot 1 stepped on Oriental Avenue
BuyPropertyAI --- Bot 1 | Oriental Avenue
BuyPropertyAI --- Enough money
BuyPropertyAI --- Bot 1 | Total money: 950 > 2 * 100
Player Bot 1 bought Oriental Avenue
Property Oriental Avenue owner: Bot 1
BuyHouseAI CanBuyHouse before while: 1
Player Bot 3 stepped on Railroad South
Player Bot 3 bought Railroad South
Property Railroad South owner: Bot 3
Player Player 1 stepped on Jail
Player Bot 2 stepped on Electric Company
Player Bot 2 bought Electric Company
Property Electric Company owner: Bot 2
Player Bot 1 stepped on Virginia Avenue
BuyPropertyAI --- Bot 1 | Virginia Avenue
BuyPropertyAI --- Enough money
BuyPropertyAI --- Bot 1 | Total money: 850 > 2 * 160
Player Bot 1 bought Virginia Avenue
Property Virginia Avenue owner: Bot 1
BuyHouseAI CanBuyHouse before while: 1
Player Bot 3 stepped on States Avenue
BuyPropertyAI --- Bot 3 | States Avenue
BuyPropertyAI --- Enough money
BuyPropertyAI --- Bot 3 | Total money: 750 > 2 * 140
Player Bot 3 bought States Avenue
Property States Avenue owner: Bot 3
BuyHouseAI CanBuyHouse before while: 1
Player Player 1 stepped on Tennessee Avenue
Property Tennessee Avenue has NO owner --- PLAYER: Player 1
Player Player 1 bought Tennessee Avenue
Property Tennessee Avenue owner: Player 1
Propery price: 90 --- Player Money initial: 770
Player Money After: 860
Property Tennessee Avenue has NO owner --- PLAYER: Player 1
Property Mediterranean Avenue owner: Player 1
Property Baltic Avenue owner: Player 1
Property Mediterranean Avenue owner: Player 1
Property Mediterranean Avenue owner: Player 1
Player Bot 2 stepped on Tennessee Avenue
BuyPropertyAI --- Bot 2 | Tennessee Avenue
BuyPropertyAI --- Enough money
BuyPropertyAI --- Bot 2 | Total money: 800 > 2 * 180
Player Bot 2 bought Tennessee Avenue
Property Tennessee Avenue owner: Bot 2
BuyHouseAI CanBuyHouse before while: 1
Player Bot 1 stepped on Free Parking
Player Bot 3 stepped on Free Parking
Property Mediterranean Avenue owner: Player 1
Property Baltic Avenue owner: Player 1
Player Player 1 stepped on Jail
CHEAT Rest - Total: 885, Pay: 935
CHEAT Rest - Rest: 50
Player: Player 1 ... OWES ... 50 ... TO ... BANK
Propery price: 30 --- Player Money initial: 0
Player Money After: 30
Property Baltic Avenue has NO owner --- PLAYER: Player 1
Player Rest after sell: 20
